mode: set
github.com/kooinam/fabio/controllers/actions_handler.go:22.79,29.2 2 1
github.com/kooinam/fabio/controllers/actions_handler.go:32.81,36.108 3 0
github.com/kooinam/fabio/controllers/actions_handler.go:36.108,38.3 1 0
github.com/kooinam/fabio/controllers/actions_handler.go:42.71,45.81 2 1
github.com/kooinam/fabio/controllers/actions_handler.go:45.81,51.3 3 0
github.com/kooinam/fabio/controllers/actions_handler.go:55.74,58.93 2 1
github.com/kooinam/fabio/controllers/actions_handler.go:58.93,64.3 2 0
github.com/kooinam/fabio/controllers/actions_handler.go:68.67,71.84 2 1
github.com/kooinam/fabio/controllers/actions_handler.go:71.84,77.3 2 0
github.com/kooinam/fabio/controllers/actions_handler.go:80.119,87.16 5 0
github.com/kooinam/fabio/controllers/actions_handler.go:97.2,109.21 3 0
github.com/kooinam/fabio/controllers/actions_handler.go:87.16,93.3 2 0
github.com/kooinam/fabio/controllers/actions_handler.go:93.8,95.3 1 0
github.com/kooinam/fabio/controllers/actions_handler.go:112.146,113.15 1 0
github.com/kooinam/fabio/controllers/actions_handler.go:125.2,132.16 5 0
github.com/kooinam/fabio/controllers/actions_handler.go:137.2,137.16 1 0
github.com/kooinam/fabio/controllers/actions_handler.go:145.2,145.31 1 0
github.com/kooinam/fabio/controllers/actions_handler.go:113.15,114.31 1 0
github.com/kooinam/fabio/controllers/actions_handler.go:114.31,122.4 3 0
github.com/kooinam/fabio/controllers/actions_handler.go:132.16,135.3 2 0
github.com/kooinam/fabio/controllers/actions_handler.go:137.16,143.3 1 0
github.com/kooinam/fabio/controllers/controller_handler.go:17.111,29.2 4 1
github.com/kooinam/fabio/controllers/event.go:22.119,33.2 2 0
github.com/kooinam/fabio/controllers/event.go:36.56,40.2 2 0
github.com/kooinam/fabio/controllers/event.go:42.37,47.23 4 0
github.com/kooinam/fabio/controllers/event.go:51.2,63.21 3 0
github.com/kooinam/fabio/controllers/event.go:47.23,49.3 1 0
github.com/kooinam/fabio/controllers/manager.go:19.33,24.16 3 1
github.com/kooinam/fabio/controllers/manager.go:28.2,30.55 2 1
github.com/kooinam/fabio/controllers/manager.go:36.2,36.67 1 1
github.com/kooinam/fabio/controllers/manager.go:24.16,26.3 1 0
github.com/kooinam/fabio/controllers/manager.go:30.55,34.3 2 0
github.com/kooinam/fabio/controllers/manager.go:36.67,38.3 1 0
github.com/kooinam/fabio/controllers/manager.go:42.83,46.73 3 1
github.com/kooinam/fabio/controllers/manager.go:46.73,48.3 1 0
github.com/kooinam/fabio/controllers/manager.go:52.64,61.24 5 0
github.com/kooinam/fabio/controllers/manager.go:65.2,67.52 2 0
github.com/kooinam/fabio/controllers/manager.go:61.24,63.3 1 0
github.com/kooinam/fabio/controllers/manager.go:71.123,75.2 2 0
github.com/kooinam/fabio/controllers/context.go:19.65,27.2 2 0
github.com/kooinam/fabio/controllers/context.go:30.43,32.2 1 0
github.com/kooinam/fabio/controllers/context.go:35.49,36.45 1 0
github.com/kooinam/fabio/controllers/context.go:42.2,42.20 1 0
github.com/kooinam/fabio/controllers/context.go:36.45,37.25 1 0
github.com/kooinam/fabio/controllers/context.go:37.25,39.4 1 0
github.com/kooinam/fabio/controllers/context.go:46.44,48.2 1 0
github.com/kooinam/fabio/controllers/context.go:51.42,53.2 1 0
github.com/kooinam/fabio/controllers/context.go:56.68,58.2 1 0
github.com/kooinam/fabio/controllers/context.go:61.58,65.2 2 0
github.com/kooinam/fabio/controllers/context.go:68.92,71.18 2 0
github.com/kooinam/fabio/controllers/context.go:75.2,75.17 1 0
github.com/kooinam/fabio/controllers/context.go:71.18,73.3 1 0
github.com/kooinam/fabio/controllers/context.go:79.56,83.2 2 0
github.com/kooinam/fabio/controllers/context.go:86.54,89.18 2 0
github.com/kooinam/fabio/controllers/context.go:93.2,93.33 1 0
github.com/kooinam/fabio/controllers/context.go:89.18,91.3 1 0
github.com/kooinam/fabio/controllers/context.go:97.65,100.18 2 0
github.com/kooinam/fabio/controllers/context.go:104.2,104.22 1 0
github.com/kooinam/fabio/controllers/context.go:117.2,117.20 1 0
github.com/kooinam/fabio/controllers/context.go:100.18,102.3 1 0
github.com/kooinam/fabio/controllers/context.go:105.14,108.17 2 0
github.com/kooinam/fabio/controllers/context.go:112.3,112.11 1 0
github.com/kooinam/fabio/controllers/context.go:113.15,114.30 1 0
github.com/kooinam/fabio/controllers/context.go:108.17,110.4 1 0
github.com/kooinam/fabio/controllers/context.go:121.90,124.18 2 0
github.com/kooinam/fabio/controllers/context.go:128.2,128.17 1 0
github.com/kooinam/fabio/controllers/context.go:124.18,126.3 1 0
github.com/kooinam/fabio/controllers/hooks_handler.go:12.39,18.2 2 1
github.com/kooinam/fabio/controllers/hooks_handler.go:21.66,23.2 1 0
github.com/kooinam/fabio/controllers/hooks_handler.go:26.88,29.43 2 0
github.com/kooinam/fabio/controllers/hooks_handler.go:37.2,37.12 1 0
github.com/kooinam/fabio/controllers/hooks_handler.go:29.43,32.17 2 0
github.com/kooinam/fabio/controllers/hooks_handler.go:32.17,33.9 1 0
github.com/kooinam/fabio/actors/response.go:9.57,16.2 2 1
github.com/kooinam/fabio/actors/actions_handler.go:12.43,18.2 2 1
github.com/kooinam/fabio/actors/actions_handler.go:21.81,23.2 1 1
github.com/kooinam/fabio/actors/actions_handler.go:25.57,28.19 2 1
github.com/kooinam/fabio/actors/actions_handler.go:28.19,32.17 3 1
github.com/kooinam/fabio/actors/actions_handler.go:32.17,34.4 1 0
github.com/kooinam/fabio/actors/actions_handler.go:34.9,36.4 1 1
github.com/kooinam/fabio/actors/actions_handler.go:37.8,39.3 1 1
github.com/kooinam/fabio/actors/actor.go:15.52,27.2 4 1
github.com/kooinam/fabio/actors/actor.go:30.41,32.2 1 1
github.com/kooinam/fabio/actors/actor.go:34.29,35.12 1 1
github.com/kooinam/fabio/actors/actor.go:35.12,36.31 1 1
github.com/kooinam/fabio/actors/actor.go:36.31,38.4 1 1
github.com/kooinam/fabio/actors/context.go:16.45,22.2 2 1
github.com/kooinam/fabio/actors/context.go:25.54,28.18 2 0
github.com/kooinam/fabio/actors/context.go:32.2,32.33 1 0
github.com/kooinam/fabio/actors/context.go:28.18,30.3 1 0
github.com/kooinam/fabio/actors/context.go:36.56,40.2 2 0
github.com/kooinam/fabio/actors/context.go:43.65,46.18 2 0
github.com/kooinam/fabio/actors/context.go:50.2,50.22 1 0
github.com/kooinam/fabio/actors/context.go:63.2,63.20 1 0
github.com/kooinam/fabio/actors/context.go:46.18,48.3 1 0
github.com/kooinam/fabio/actors/context.go:51.14,54.17 2 0
github.com/kooinam/fabio/actors/context.go:58.3,58.11 1 0
github.com/kooinam/fabio/actors/context.go:59.15,60.30 1 0
github.com/kooinam/fabio/actors/context.go:54.17,56.4 1 0
github.com/kooinam/fabio/actors/event.go:10.93,18.2 2 1
github.com/kooinam/fabio/actors/event.go:21.45,22.9 1 1
github.com/kooinam/fabio/actors/event.go:23.20,23.20 0 1
github.com/kooinam/fabio/actors/event.go:24.10,25.30 1 0
github.com/kooinam/fabio/actors/event.go:29.27,30.24 1 1
github.com/kooinam/fabio/actors/event.go:30.24,34.3 2 1
github.com/kooinam/fabio/actors/event.go:37.41,38.24 1 1
github.com/kooinam/fabio/actors/event.go:38.24,42.3 2 1
github.com/kooinam/fabio/actors/manager.go:19.33,22.12 2 1
github.com/kooinam/fabio/actors/manager.go:22.12,23.7 1 1
github.com/kooinam/fabio/actors/manager.go:23.7,25.4 1 1
github.com/kooinam/fabio/actors/manager.go:30.75,36.12 4 1
github.com/kooinam/fabio/actors/manager.go:40.2,40.14 1 1
github.com/kooinam/fabio/actors/manager.go:36.12,38.3 1 1
github.com/kooinam/fabio/actors/manager.go:44.103,49.2 3 1
github.com/kooinam/fabio/actors/manager.go:52.112,61.21 7 1
github.com/kooinam/fabio/actors/manager.go:65.2,65.12 1 1
github.com/kooinam/fabio/actors/manager.go:61.21,63.3 1 1
github.com/kooinam/fabio/actors/manager.go:68.34,71.49 2 1
github.com/kooinam/fabio/actors/manager.go:71.49,73.3 1 1
